2019-07-12 16:46:46,187 CRIT Supervisor running as root (no user in config file)
2019-07-12 16:46:46,188 INFO Included extra file "/etc/supervisor/conf.d/supervisord.conf" during parsing
2019-07-12 16:46:46,299 INFO RPC interface 'supervisor' initialized
2019-07-12 16:46:46,300 CRIT Server 'unix_http_server' running without any HTTP authentication checking
2019-07-12 16:46:46,302 INFO supervisord started with pid 1
2019-07-12 16:46:47,312 INFO spawned: 'varnishd' with pid 15
2019-07-12 16:46:47,327 INFO spawned: 'php-fpm' with pid 16
2019-07-12 16:46:47,350 INFO spawned: 'varnish-plugins-watcher' with pid 17
2019-07-12 16:46:47,389 INFO spawned: 'nginx' with pid 18
2019-07-12 16:46:47,455 INFO spawned: 'MailHog' with pid 19
2019-07-12 16:46:47,519 INFO spawned: 'mysql' with pid 20
2019-07-12 16:46:47,573 INFO spawned: 'varnish-themes-watcher' with pid 21
2019-07-12 16:46:49,148 INFO success: varnishd entered RUNNING state, process has stayed up for > than 1 seconds (startsecs)
2019-07-12 16:46:49,150 INFO success: php-fpm entered RUNNING state, process has stayed up for > than 1 seconds (startsecs)
2019-07-12 16:46:49,151 INFO success: varnish-plugins-watcher entered RUNNING state, process has stayed up for > than 1 seconds (startsecs)
2019-07-12 16:46:49,155 INFO success: nginx entered RUNNING state, process has stayed up for > than 1 seconds (startsecs)
2019-07-12 16:46:49,177 INFO success: MailHog entered RUNNING state, process has stayed up for > than 1 seconds (startsecs)
2019-07-12 16:46:49,180 INFO success: mysql entered RUNNING state, process has stayed up for > than 1 seconds (startsecs)
2019-07-12 16:46:49,182 INFO success: varnish-themes-watcher entered RUNNING state, process has stayed up for > than 1 seconds (startsecs)
2019-07-12 19:59:25,709 WARN received SIGTERM indicating exit request
2019-07-12 19:59:25,726 INFO waiting for varnishd, php-fpm, varnish-plugins-watcher, nginx, MailHog, mysql, varnish-themes-watcher to die
2019-07-12 19:59:26,457 INFO stopped: varnish-themes-watcher (terminated by SIGTERM)
2019-07-12 19:59:26,621 INFO stopped: mysql (exit status 0)
2019-07-12 19:59:26,652 INFO stopped: MailHog (terminated by SIGTERM)
2019-07-12 19:59:26,694 INFO stopped: nginx (exit status 0)
2019-07-12 19:59:26,911 INFO stopped: varnish-plugins-watcher (terminated by SIGTERM)
2019-07-12 19:59:26,913 INFO reaped unknown pid 9724
2019-07-12 19:59:27,079 INFO stopped: php-fpm (exit status 0)
2019-07-12 19:59:28,747 INFO reaped unknown pid 29
2019-07-12 19:59:28,748 INFO waiting for varnishd to die
2019-07-12 19:59:29,357 INFO stopped: varnishd (exit status 0)
2019-07-14 13:59:25,279 CRIT Supervisor running as root (no user in config file)
2019-07-14 13:59:25,306 INFO Included extra file "/etc/supervisor/conf.d/supervisord.conf" during parsing
2019-07-14 13:59:26,279 INFO RPC interface 'supervisor' initialized
2019-07-14 13:59:26,282 CRIT Server 'unix_http_server' running without any HTTP authentication checking
2019-07-14 13:59:26,283 INFO supervisord started with pid 1
2019-07-14 13:59:27,323 INFO spawned: 'varnishd' with pid 48
2019-07-14 13:59:27,457 INFO spawned: 'php-fpm' with pid 49
2019-07-14 13:59:27,482 INFO spawned: 'varnish-plugins-watcher' with pid 50
2019-07-14 13:59:27,903 INFO spawned: 'nginx' with pid 51
2019-07-14 13:59:27,976 INFO spawned: 'MailHog' with pid 52
2019-07-14 13:59:28,126 INFO spawned: 'mysql' with pid 53
2019-07-14 13:59:28,241 INFO spawned: 'varnish-themes-watcher' with pid 55
2019-07-14 13:59:28,591 INFO success: varnishd entered RUNNING state, process has stayed up for > than 1 seconds (startsecs)
2019-07-14 13:59:28,593 INFO success: php-fpm entered RUNNING state, process has stayed up for > than 1 seconds (startsecs)
2019-07-14 13:59:28,594 INFO success: varnish-plugins-watcher entered RUNNING state, process has stayed up for > than 1 seconds (startsecs)
2019-07-14 13:59:28,600 INFO success: nginx entered RUNNING state, process has stayed up for > than 1 seconds (startsecs)
2019-07-14 13:59:29,778 INFO success: MailHog entered RUNNING state, process has stayed up for > than 1 seconds (startsecs)
2019-07-14 13:59:29,798 INFO success: mysql entered RUNNING state, process has stayed up for > than 1 seconds (startsecs)
2019-07-14 13:59:29,823 INFO success: varnish-themes-watcher entered RUNNING state, process has stayed up for > than 1 seconds (startsecs)
2019-07-14 18:41:01,527 CRIT Supervisor running as root (no user in config file)
2019-07-14 18:41:01,530 INFO Included extra file "/etc/supervisor/conf.d/supervisord.conf" during parsing
2019-07-14 18:41:02,826 INFO RPC interface 'supervisor' initialized
2019-07-14 18:41:02,841 CRIT Server 'unix_http_server' running without any HTTP authentication checking
2019-07-14 18:41:02,869 INFO supervisord started with pid 1
2019-07-14 18:41:03,992 INFO spawned: 'varnishd' with pid 81
2019-07-14 18:41:04,120 INFO spawned: 'php-fpm' with pid 82
2019-07-14 18:41:04,415 INFO spawned: 'varnish-plugins-watcher' with pid 83
2019-07-14 18:41:04,671 INFO spawned: 'nginx' with pid 86
2019-07-14 18:41:04,760 INFO spawned: 'MailHog' with pid 87
2019-07-14 18:41:04,880 INFO spawned: 'mysql' with pid 89
2019-07-14 18:41:04,953 INFO spawned: 'varnish-themes-watcher' with pid 91
2019-07-14 18:41:06,227 INFO success: varnishd entered RUNNING state, process has stayed up for > than 1 seconds (startsecs)
2019-07-14 18:41:06,229 INFO success: php-fpm entered RUNNING state, process has stayed up for > than 1 seconds (startsecs)
2019-07-14 18:41:06,230 INFO success: varnish-plugins-watcher entered RUNNING state, process has stayed up for > than 1 seconds (startsecs)
2019-07-14 18:41:06,231 INFO success: nginx entered RUNNING state, process has stayed up for > than 1 seconds (startsecs)
2019-07-14 18:41:06,271 INFO success: MailHog entered RUNNING state, process has stayed up for > than 1 seconds (startsecs)
2019-07-14 18:41:06,274 INFO success: mysql entered RUNNING state, process has stayed up for > than 1 seconds (startsecs)
2019-07-14 18:41:06,275 INFO success: varnish-themes-watcher entered RUNNING state, process has stayed up for > than 1 seconds (startsecs)
2019-07-14 20:09:36,282 WARN received SIGTERM indicating exit request
2019-07-14 20:09:36,285 INFO waiting for varnishd, php-fpm, varnish-plugins-watcher, nginx, MailHog, mysql, varnish-themes-watcher to die
2019-07-14 20:09:37,302 INFO stopped: varnish-themes-watcher (terminated by SIGTERM)
2019-07-14 20:09:37,781 INFO stopped: mysql (exit status 0)
2019-07-14 20:09:37,849 INFO stopped: MailHog (terminated by SIGTERM)
2019-07-14 20:09:37,931 INFO stopped: nginx (exit status 0)
2019-07-14 20:09:38,954 INFO stopped: varnish-plugins-watcher (terminated by SIGTERM)
2019-07-14 20:09:39,009 INFO stopped: php-fpm (exit status 0)
2019-07-14 20:09:40,036 INFO waiting for varnishd to die
2019-07-14 20:09:40,783 INFO reaped unknown pid 4650
2019-07-14 20:09:40,784 INFO reaped unknown pid 4651
2019-07-14 20:09:41,085 INFO stopped: varnishd (exit status 0)
2019-07-15 06:48:29,483 CRIT Supervisor running as root (no user in config file)
2019-07-15 06:48:29,585 INFO Included extra file "/etc/supervisor/conf.d/supervisord.conf" during parsing
2019-07-15 06:48:30,052 INFO RPC interface 'supervisor' initialized
2019-07-15 06:48:30,066 CRIT Server 'unix_http_server' running without any HTTP authentication checking
2019-07-15 06:48:30,068 INFO supervisord started with pid 1
2019-07-15 06:48:31,104 INFO spawned: 'varnishd' with pid 79
2019-07-15 06:48:31,216 INFO spawned: 'php-fpm' with pid 80
2019-07-15 06:48:31,285 INFO spawned: 'varnish-plugins-watcher' with pid 81
2019-07-15 06:48:31,719 INFO spawned: 'nginx' with pid 82
2019-07-15 06:48:31,760 INFO spawned: 'MailHog' with pid 83
2019-07-15 06:48:31,835 INFO spawned: 'mysql' with pid 86
2019-07-15 06:48:31,949 INFO spawned: 'varnish-themes-watcher' with pid 89
2019-07-15 06:48:33,236 INFO success: varnishd entered RUNNING state, process has stayed up for > than 1 seconds (startsecs)
2019-07-15 06:48:33,245 INFO success: php-fpm entered RUNNING state, process has stayed up for > than 1 seconds (startsecs)
2019-07-15 06:48:33,246 INFO success: varnish-plugins-watcher entered RUNNING state, process has stayed up for > than 1 seconds (startsecs)
2019-07-15 06:48:33,275 INFO success: nginx entered RUNNING state, process has stayed up for > than 1 seconds (startsecs)
2019-07-15 06:48:33,283 INFO success: MailHog entered RUNNING state, process has stayed up for > than 1 seconds (startsecs)
2019-07-15 06:48:33,286 INFO success: mysql entered RUNNING state, process has stayed up for > than 1 seconds (startsecs)
2019-07-15 06:48:33,290 INFO success: varnish-themes-watcher entered RUNNING state, process has stayed up for > than 1 seconds (startsecs)
