[12-Jul-2019 19:28:52 UTC] PHP Warning:  print_r() expects at most 2 parameters, 3 given in /app/public/wp-content/themes/twentyseventeen/template-parts/post/content.php on line 68
[12-Jul-2019 19:33:24 UTC] PHP Fatal error:  Uncaught Error: Call to undefined function array_join() in /app/public/wp-content/themes/twentyseventeen/template-parts/post/content.php:68
Stack trace:
#0 /app/public/wp-includes/template.php(724): require()
#1 /app/public/wp-includes/template.php(671): load_template('/app/public/wp-...', false)
#2 /app/public/wp-includes/general-template.php(168): locate_template(Array, true, false)
#3 /app/public/wp-content/themes/twentyseventeen/single.php(24): get_template_part('template-parts/...', '')
#4 /app/public/wp-includes/template-loader.php(78): include('/app/public/wp-...')
#5 /app/public/wp-blog-header.php(19): require_once('/app/public/wp-...')
#6 /app/public/index.php(17): require('/app/public/wp-...')
#7 {main}
  thrown in /app/public/wp-content/themes/twentyseventeen/template-parts/post/content.php on line 68
[12-Jul-2019 19:33:45 UTC] PHP Fatal error:  Uncaught Error: Call to undefined function array_join() in /app/public/wp-content/themes/twentyseventeen/template-parts/post/content.php:68
Stack trace:
#0 /app/public/wp-includes/template.php(724): require()
#1 /app/public/wp-includes/template.php(671): load_template('/app/public/wp-...', false)
#2 /app/public/wp-includes/general-template.php(168): locate_template(Array, true, false)
#3 /app/public/wp-content/themes/twentyseventeen/single.php(24): get_template_part('template-parts/...', '')
#4 /app/public/wp-includes/template-loader.php(78): include('/app/public/wp-...')
#5 /app/public/wp-blog-header.php(19): require_once('/app/public/wp-...')
#6 /app/public/index.php(17): require('/app/public/wp-...')
#7 {main}
  thrown in /app/public/wp-content/themes/twentyseventeen/template-parts/post/content.php on line 68
[12-Jul-2019 19:34:06 UTC] PHP Warning:  join() expects at most 2 parameters, 3 given in /app/public/wp-content/themes/twentyseventeen/template-parts/post/content.php on line 68
[14-Jul-2019 14:04:23 UTC] PHP Warning:  An unexpected error occurred. Something may be wrong with WordPress.org or this server&#8217;s configuration. If you continue to have problems, please try the <a href="https://wordpress.org/support/">support forums</a>. (WordPress could not establish a secure connection to WordPress.org. Please contact your server administrator.) in /app/public/wp-includes/update.php on line 384
[14-Jul-2019 14:07:41 UTC] PHP Parse error:  syntax error, unexpected 'array' (T_ARRAY), expecting ',' or ')' in /app/public/wp-content/themes/twentyseventeen/piklist/parts/meta-boxes/dependency.php on line 8
[14-Jul-2019 14:40:34 UTC] PHP Parse error:  syntax error, unexpected ';', expecting ',' or ')' in /app/public/wp-content/themes/twentyseventeen/piklist/parts/meta-boxes/dependency.php on line 31
[14-Jul-2019 14:41:56 UTC] PHP Parse error:  syntax error, unexpected ';', expecting ',' or ')' in /app/public/wp-content/themes/twentyseventeen/piklist/parts/meta-boxes/dependency.php on line 31
[14-Jul-2019 16:33:58 UTC] PHP Parse error:  syntax error, unexpected ';', expecting ',' or ')' in /app/public/wp-content/themes/twentyseventeen/piklist/parts/meta-boxes/dependency.php on line 30
[14-Jul-2019 16:50:23 UTC] PHP Warning:  An unexpected error occurred. Something may be wrong with WordPress.org or this server&#8217;s configuration. If you continue to have problems, please try the <a href="https://wordpress.org/support/">support forums</a>. (WordPress could not establish a secure connection to WordPress.org. Please contact your server administrator.) in /app/public/wp-includes/update.php on line 384
[15-Jul-2019 06:49:05 UTC] PHP Warning:  An unexpected error occurred. Something may be wrong with WordPress.org or this server&#8217;s configuration. If you continue to have problems, please try the <a href="https://wordpress.org/support/">support forums</a>. (WordPress could not establish a secure connection to WordPress.org. Please contact your server administrator.) in /app/public/wp-includes/update.php on line 160
[15-Jul-2019 06:49:06 UTC] PHP Warning:  An unexpected error occurred. Something may be wrong with WordPress.org or this server&#8217;s configuration. If you continue to have problems, please try the <a href="https://wordpress.org/support/">support forums</a>. (WordPress could not establish a secure connection to WordPress.org. Please contact your server administrator.) in /app/public/wp-includes/update.php on line 384
[15-Jul-2019 06:49:06 UTC] PHP Warning:  An unexpected error occurred. Something may be wrong with WordPress.org or this server&#8217;s configuration. If you continue to have problems, please try the <a href="https://wordpress.org/support/">support forums</a>. (WordPress could not establish a secure connection to WordPress.org. Please contact your server administrator.) in /app/public/wp-includes/update.php on line 569
[15-Jul-2019 13:25:16 UTC] PHP Warning:  Invalid argument supplied for foreach() in /app/public/wp-content/themes/twentyseventeen/template-parts/post/content.php on line 78
[15-Jul-2019 13:33:08 UTC] PHP Parse error:  syntax error, unexpected '}', expecting ',' or ';' in /app/public/wp-content/themes/twentyseventeen/template-parts/post/content.php on line 82
[15-Jul-2019 13:34:01 UTC] PHP Warning:  Invalid argument supplied for foreach() in /app/public/wp-content/themes/twentyseventeen/template-parts/post/content.php on line 78
