[12-Jul-2019 16:46:48] NOTICE: fpm is running, pid 16
[12-Jul-2019 16:46:48] NOTICE: ready to handle connections
[12-Jul-2019 19:59:26] NOTICE: Terminating ...
[12-Jul-2019 19:59:26] NOTICE: exiting, bye-bye!
[14-Jul-2019 13:59:31] NOTICE: fpm is running, pid 49
[14-Jul-2019 13:59:31] NOTICE: ready to handle connections
[14-Jul-2019 18:41:10] NOTICE: fpm is running, pid 82
[14-Jul-2019 18:41:11] NOTICE: ready to handle connections
[14-Jul-2019 20:09:38] NOTICE: Terminating ...
[14-Jul-2019 20:09:38] NOTICE: exiting, bye-bye!
[15-Jul-2019 06:48:35] NOTICE: fpm is running, pid 80
[15-Jul-2019 06:48:35] NOTICE: ready to handle connections
[15-Jul-2019 21:27:25] NOTICE: Terminating ...
[15-Jul-2019 21:27:25] NOTICE: exiting, bye-bye!
[16-Jul-2019 06:59:37] NOTICE: fpm is running, pid 49
[16-Jul-2019 06:59:37] NOTICE: ready to handle connections
[16-Jul-2019 17:46:49] WARNING: [pool www] server reached pm.max_children setting (5), consider raising it
[16-Jul-2019 18:51:39] NOTICE: Terminating ...
[16-Jul-2019 18:51:39] NOTICE: exiting, bye-bye!
[17-Jul-2019 07:08:40] NOTICE: fpm is running, pid 48
[17-Jul-2019 07:08:40] NOTICE: ready to handle connections
[17-Jul-2019 16:45:59] NOTICE: fpm is running, pid 47
[17-Jul-2019 16:45:59] NOTICE: ready to handle connections
[17-Jul-2019 20:39:48] NOTICE: Terminating ...
[17-Jul-2019 20:39:48] NOTICE: exiting, bye-bye!
[18-Jul-2019 06:05:37] NOTICE: fpm is running, pid 22
[18-Jul-2019 06:05:37] NOTICE: ready to handle connections
[18-Jul-2019 19:13:10] NOTICE: Terminating ...
[18-Jul-2019 19:13:11] NOTICE: exiting, bye-bye!
[19-Jul-2019 10:24:19] NOTICE: fpm is running, pid 54
[19-Jul-2019 10:24:19] NOTICE: ready to handle connections
[19-Jul-2019 17:50:02] NOTICE: Terminating ...
[19-Jul-2019 17:50:02] NOTICE: exiting, bye-bye!
[20-Jul-2019 04:08:10] NOTICE: fpm is running, pid 78
[20-Jul-2019 04:08:10] NOTICE: ready to handle connections
[20-Jul-2019 17:55:07] NOTICE: Terminating ...
[20-Jul-2019 17:55:07] NOTICE: exiting, bye-bye!
[21-Jul-2019 07:51:51] NOTICE: fpm is running, pid 57
[21-Jul-2019 07:51:51] NOTICE: ready to handle connections
[21-Jul-2019 18:57:31] NOTICE: Terminating ...
[21-Jul-2019 18:57:31] NOTICE: exiting, bye-bye!
